<?xml version="1.0" encoding="UTF-8"?>
<testsuite xmlns:xsi="http://www.w3.org/2001/XMLSchema-instance" xsi:noNamespaceSchemaLocation="https://maven.apache.org/surefire/maven-surefire-plugin/xsd/surefire-test-report-3.0.xsd" version="3.0" name="fr.istic.vv.BinaryHeapTest" time="0.053" tests="4" errors="0" skipped="0" failures="0">
  <properties>
[...]
</properties>
  <testcase name="testCountEmptyHeap" classname="fr.istic.vv.BinaryHeapTest" time="0.028"/>
  <testcase name="pop" classname="fr.istic.vv.BinaryHeapTest" time="0.001"/>
  <testcase name="peek" classname="fr.istic.vv.BinaryHeapTest" time="0.002"/>
  <testcase name="push" classname="fr.istic.vv.BinaryHeapTest" time="0.001"/>
</testsuite>